<?xml version="1.0" encoding="utf-8"?><testsuites><testsuite name="pytest" errors="0" failures="0" skipped="0" tests="5" time="125.775" timestamp="2024-12-06T13:29:00.681826-05:00" hostname="DESKTOP-8HBP6N5"><testcase classname="test_HomePage.TestHomePage" name="test_formSubmission[getData0]" time="50.814" /><testcase classname="test_HomePage.TestHomePage" name="test_formSubmission[getData1]" time="6.827" /><testcase classname="test_HomePageExcelData.TestHomePage" name="test_formSubmission[getData0]" time="24.154" /><testcase classname="test_HomePageExcelData.TestHomePage" name="test_formSubmission[getData1]" time="5.924" /><testcase classname="test_e2e.TestOne" name="test_e2e" time="29.439" /></testsuite></testsuites>